<?xml version="1.0" encoding="UTF-8"?>
<!-- Generated by org.testng.reporters.JUnitReportReporter -->
<testsuite hostname="DESKTOP-EV255OI" failures="0" tests="2" name="TestNG.class_02" time="0.014" errors="0" timestamp="2024-09-25T19:54:08 IST" skipped="0">
  <testcase classname="TestNG.class_02" name="login" time="0.002"/>
  <system-out/>
  <testcase classname="TestNG.class_02" name="function" time="0.012"/>
  <system-out/>
</testsuite> <!-- TestNG.class_02 -->
