<?xml version="1.0" encoding="UTF-8"?>
<!-- Generated by org.testng.reporters.JUnitReportReporter -->
<testsuite hostname="DESKTOP-EV255OI" failures="0" tests="3" name="TestNG.DescriptionMethods" time="0.035" errors="0" timestamp="2024-09-26T18:22:34 IST" skipped="0">
  <testcase classname="TestNG.DescriptionMethods" name="efg" time="0.005"/>
  <system-out/>
  <testcase classname="TestNG.DescriptionMethods" name="cdg" time="0.004"/>
  <system-out/>
  <testcase classname="TestNG.DescriptionMethods" name="asd" time="0.026"/>
  <system-out/>
</testsuite> <!-- TestNG.DescriptionMethods -->
