<?xml version="1.0" encoding="UTF-8"?>
<!-- Generated by org.testng.reporters.JUnitReportReporter -->
<testsuite hostname="DESKTOP-EV255OI" failures="0" tests="1" name="TestNG.class_01" time="0.008" errors="0" timestamp="2024-09-25T14:38:12 IST" skipped="0">
  <testcase classname="TestNG.class_01" name="f" time="0.008"/>
  <system-out/>
</testsuite> <!-- TestNG.class_01 -->
