<?xml version="1.0" encoding="UTF-8"?>
<!-- Generated by org.testng.reporters.JUnitReportReporter -->
<testsuite hostname="DESKTOP-EV255OI" failures="0" tests="3" name="TestNG.SetPriorityHMLparameter" time="0.039" errors="0" timestamp="2024-09-26T19:55:48 IST" skipped="0">
  <testcase classname="TestNG.SetPriorityHMLparameter" name="fgt" time="0.004"/>
  <system-out/>
  <testcase classname="TestNG.SetPriorityHMLparameter" name="bcp" time="0.032"/>
  <system-out/>
  <testcase classname="TestNG.SetPriorityHMLparameter" name="ggt" time="0.003"/>
  <system-out/>
</testsuite> <!-- TestNG.SetPriorityHMLparameter -->
