<?xml version="1.0" encoding="UTF-8"?>
<!-- Generated by org.testng.reporters.JUnitReportReporter -->
<testsuite hostname="DESKTOP-EV255OI" failures="0" tests="5" name="TestNG.DependsOnMethdParameter" time="0.034" errors="0" timestamp="2024-09-26T19:24:47 IST" skipped="0">
  <testcase classname="TestNG.DependsOnMethdParameter" name="aer" time="0.004"/>
  <system-out/>
  <testcase classname="TestNG.DependsOnMethdParameter" name="klm" time="0.003"/>
  <system-out/>
  <testcase classname="TestNG.DependsOnMethdParameter" name="bdf" time="0.020"/>
  <system-out/>
  <testcase classname="TestNG.DependsOnMethdParameter" name="tgg" time="0.004"/>
  <system-out/>
  <testcase classname="TestNG.DependsOnMethdParameter" name="mfg" time="0.003"/>
  <system-out/>
</testsuite> <!-- TestNG.DependsOnMethdParameter -->
