<?xml version="1.0" encoding="UTF-8"?>
<!-- Generated by org.testng.reporters.JUnitReportReporter -->
<testsuite hostname="DESKTOP-EV255OI" failures="0" tests="3" name="TestNG.EnabledMethods" time="0.023" errors="0" timestamp="2024-09-26T18:39:00 IST" skipped="1">
  <testcase classname="TestNG.EnabledMethods" name="bff" time="0.019"/>
  <system-out/>
  <testcase classname="TestNG.EnabledMethods" name="eft" time="0.004"/>
  <system-out/>
  <testcase classname="TestNG.EnabledMethods" name="fgt">
    <skipped/>
  </testcase> <!-- fgt -->
  <system-out/>
</testsuite> <!-- TestNG.EnabledMethods -->
