<?xml version="1.0" encoding="UTF-8"?>
<!-- Generated by org.testng.reporters.JUnitReportReporter -->
<testsuite hostname="DESKTOP-EV255OI" failures="0" tests="8" name="TestNG.InvocationMethod" time="0.043" errors="0" timestamp="2024-09-26T18:09:43 IST" skipped="0">
  <testcase classname="TestNG.InvocationMethod" name="nmn" time="0.004"/>
  <system-out/>
  <testcase classname="TestNG.InvocationMethod" name="nmn" time="0.004"/>
  <system-out/>
  <testcase classname="TestNG.InvocationMethod" name="thl" time="0.002"/>
  <system-out/>
  <testcase classname="TestNG.InvocationMethod" name="ert" time="0.002"/>
  <system-out/>
  <testcase classname="TestNG.InvocationMethod" name="ert" time="0.003"/>
  <system-out/>
  <testcase classname="TestNG.InvocationMethod" name="ert" time="0.004"/>
  <system-out/>
  <testcase classname="TestNG.InvocationMethod" name="asd" time="0.022"/>
  <system-out/>
  <testcase classname="TestNG.InvocationMethod" name="thl" time="0.002"/>
  <system-out/>
</testsuite> <!-- TestNG.InvocationMethod -->
