<?xml version="1.0" encoding="UTF-8"?>
<!-- Generated by org.testng.reporters.JUnitReportReporter -->
<testsuite hostname="DESKTOP-EV255OI" failures="0" tests="8" name="TestNG.Invocationparameter" time="0.071" errors="0" timestamp="2024-09-27T19:29:37 IST" skipped="0">
  <testcase classname="TestNG.Invocationparameter" name="nmn" time="0.009"/>
  <system-out/>
  <testcase classname="TestNG.Invocationparameter" name="nmn" time="0.004"/>
  <system-out/>
  <testcase classname="TestNG.Invocationparameter" name="thl" time="0.003"/>
  <system-out/>
  <testcase classname="TestNG.Invocationparameter" name="ert" time="0.005"/>
  <system-out/>
  <testcase classname="TestNG.Invocationparameter" name="ert" time="0.001"/>
  <system-out/>
  <testcase classname="TestNG.Invocationparameter" name="ert" time="0.004"/>
  <system-out/>
  <testcase classname="TestNG.Invocationparameter" name="asd" time="0.041"/>
  <system-out/>
  <testcase classname="TestNG.Invocationparameter" name="thl" time="0.004"/>
  <system-out/>
</testsuite> <!-- TestNG.Invocationparameter -->
