<?xml version="1.0" encoding="UTF-8"?>
<!-- Generated by org.testng.reporters.JUnitReportReporter -->
<testsuite hostname="DESKTOP-EV255OI" failures="0" tests="5" name="TestNG.AlphabeticMethods" time="0.034" errors="0" timestamp="2024-09-26T17:09:38 IST" skipped="0">
  <testcase classname="TestNG.AlphabeticMethods" name="tgf" time="0.002"/>
  <system-out/>
  <testcase classname="TestNG.AlphabeticMethods" name="zjk" time="0.005"/>
  <system-out/>
  <testcase classname="TestNG.AlphabeticMethods" name="lmn" time="0.002"/>
  <system-out/>
  <testcase classname="TestNG.AlphabeticMethods" name="efh" time="0.002"/>
  <system-out/>
  <testcase classname="TestNG.AlphabeticMethods" name="aoi" time="0.023"/>
  <system-out/>
</testsuite> <!-- TestNG.AlphabeticMethods -->
