<?xml version="1.0" encoding="UTF-8"?>
<!-- Generated by org.testng.reporters.JUnitReportReporter -->
<testsuite hostname="DESKTOP-EV255OI" failures="0" tests="4" name="TestNG.Define_Two_Parameter" time="0.032" errors="0" timestamp="2024-09-27T19:29:58 IST" skipped="0">
  <testcase classname="TestNG.Define_Two_Parameter" name="abc" time="0.020"/>
  <system-out/>
  <testcase classname="TestNG.Define_Two_Parameter" name="def" time="0.003"/>
  <system-out/>
  <testcase classname="TestNG.Define_Two_Parameter" name="ghi" time="0.004"/>
  <system-out/>
  <testcase classname="TestNG.Define_Two_Parameter" name="klm" time="0.005"/>
  <system-out/>
</testsuite> <!-- TestNG.Define_Two_Parameter -->
