<?xml version="1.0" encoding="UTF-8"?>
<!-- Generated by org.testng.reporters.JUnitReportReporter -->
<testsuite hostname="DESKTOP-EV255OI" failures="0" tests="2" name="TestNG.Annaotation" time="0.018" errors="0" timestamp="2024-09-25T19:54:08 IST" skipped="0">
  <testcase classname="TestNG.Annaotation" name="function" time="0.011"/>
  <system-out/>
  <testcase classname="TestNG.Annaotation" name="login" time="0.007"/>
  <system-out/>
</testsuite> <!-- TestNG.Annaotation -->
