<?xml version="1.0" encoding="UTF-8"?>
<!-- Generated by org.testng.reporters.JUnitReportReporter -->
<testsuite hostname="DESKTOP-EV255OI" failures="0" tests="5" name="TestNG.PriorityMethods" time="0.033" errors="0" timestamp="2024-09-26T17:48:39 IST" skipped="0">
  <testcase classname="TestNG.PriorityMethods" name="est" time="0.022"/>
  <system-out/>
  <testcase classname="TestNG.PriorityMethods" name="ghi" time="0.004"/>
  <system-out/>
  <testcase classname="TestNG.PriorityMethods" name="fap" time="0.003"/>
  <system-out/>
  <testcase classname="TestNG.PriorityMethods" name="rst" time="0.002"/>
  <system-out/>
  <testcase classname="TestNG.PriorityMethods" name="akl" time="0.002"/>
  <system-out/>
</testsuite> <!-- TestNG.PriorityMethods -->
